[debug] [2022-07-26T07:58:54.578Z] ----------------------------------------------------------------------
[debug] [2022-07-26T07:58:54.581Z] Command:       C:\Program Files\nodejs\node.exe C:\Users\Ngugi' Joseph\AppData\Roaming\npm\node_modules\firebase-tools\lib\bin\firebase.js deploy
[debug] [2022-07-26T07:58:54.582Z] CLI Version:   11.3.0
[debug] [2022-07-26T07:58:54.582Z] Platform:      win32
[debug] [2022-07-26T07:58:54.582Z] Node Version:  v16.15.0
[debug] [2022-07-26T07:58:54.583Z] Time:          Tue Jul 26 2022 10:58:54 GMT+0300 (East Africa Time)
[debug] [2022-07-26T07:58:54.584Z] ----------------------------------------------------------------------
[debug] 
[debug] [2022-07-26T07:58:54.690Z] > command requires scopes: ["email","openid","https://www.googleapis.com/auth/cloudplatformprojects.readonly","https://www.googleapis.com/auth/firebase","https://www.googleapis.com/auth/cloud-platform"]
[debug] [2022-07-26T07:58:54.691Z] > authorizing via signed-in user (ngugimuchene@gmail.com)
[debug] [2022-07-26T07:58:54.691Z] [iam] checking project social-400c6 for permissions ["firebase.projects.get","firebasehosting.sites.update"]
[debug] [2022-07-26T07:58:54.695Z] >>> [apiv2][query] POST https://cloudresourcemanager.googleapis.com/v1/projects/social-400c6:testIamPermissions [none]
[debug] [2022-07-26T07:58:54.696Z] >>> [apiv2][body] POST https://cloudresourcemanager.googleapis.com/v1/projects/social-400c6:testIamPermissions {"permissions":["firebase.projects.get","firebasehosting.sites.update"]}
[debug] [2022-07-26T07:58:56.446Z] <<< [apiv2][status] POST https://cloudresourcemanager.googleapis.com/v1/projects/social-400c6:testIamPermissions 200
[debug] [2022-07-26T07:58:56.446Z] <<< [apiv2][body] POST https://cloudresourcemanager.googleapis.com/v1/projects/social-400c6:testIamPermissions {"permissions":["firebase.projects.get","firebasehosting.sites.update"]}
[debug] [2022-07-26T07:58:56.450Z] >>> [apiv2][query] GET https://firebase.googleapis.com/v1beta1/projects/social-400c6 [none]
[debug] [2022-07-26T07:58:57.203Z] <<< [apiv2][status] GET https://firebase.googleapis.com/v1beta1/projects/social-400c6 200
[debug] [2022-07-26T07:58:57.204Z] <<< [apiv2][body] GET https://firebase.googleapis.com/v1beta1/projects/social-400c6 {"projectId":"social-400c6","projectNumber":"1097036038743","displayName":"social","name":"projects/social-400c6","resources":{"hostingSite":"social-400c6","storageBucket":"social-400c6.appspot.com","locationId":"us-central"},"state":"ACTIVE","etag":"1_f3ef393c-f51a-4ad7-8986-553731d27ce6"}
[info] 
[info] === Deploying to 'social-400c6'...
[info] 
[info] i  deploying hosting 
[debug] [2022-07-26T07:58:57.219Z] >>> [apiv2][query] GET https://firebase.googleapis.com/v1beta1/projects/social-400c6 [none]
[debug] [2022-07-26T07:58:57.861Z] <<< [apiv2][status] GET https://firebase.googleapis.com/v1beta1/projects/social-400c6 200
[debug] [2022-07-26T07:58:57.862Z] <<< [apiv2][body] GET https://firebase.googleapis.com/v1beta1/projects/social-400c6 {"projectId":"social-400c6","projectNumber":"1097036038743","displayName":"social","name":"projects/social-400c6","resources":{"hostingSite":"social-400c6","storageBucket":"social-400c6.appspot.com","locationId":"us-central"},"state":"ACTIVE","etag":"1_f3ef393c-f51a-4ad7-8986-553731d27ce6"}
[debug] [2022-07-26T07:58:57.872Z] >>> [apiv2][query] POST https://firebasehosting.googleapis.com/v1beta1/projects/1097036038743/sites/social-400c6/versions [none]
[debug] [2022-07-26T07:58:57.872Z] >>> [apiv2][body] POST https://firebasehosting.googleapis.com/v1beta1/projects/1097036038743/sites/social-400c6/versions {"config":{"rewrites":[{"glob":"**","path":"/index.html"}]},"labels":{"deployment-tool":"cli-firebase"}}
[debug] [2022-07-26T07:59:01.474Z] <<< [apiv2][status] POST https://firebasehosting.googleapis.com/v1beta1/projects/1097036038743/sites/social-400c6/versions 200
[debug] [2022-07-26T07:59:01.474Z] <<< [apiv2][body] POST https://firebasehosting.googleapis.com/v1beta1/projects/1097036038743/sites/social-400c6/versions {"name":"projects/1097036038743/sites/social-400c6/versions/4336ad1349617d74","status":"CREATED","config":{"rewrites":[{"glob":"**","path":"/index.html"}]},"labels":{"deployment-tool":"cli-firebase"}}
[info] i  hosting[social-400c6]: beginning deploy... 
[info] i  hosting[social-400c6]: found 14 files in build 
[debug] [2022-07-26T07:59:01.548Z] [hosting] uploading with 200 concurrency
[debug] [2022-07-26T07:59:01.551Z] [hosting] hash cache [YnVpbGQ] not populated
[debug] [2022-07-26T08:01:07.919Z] [hosting] hash cache [YnVpbGQ] stored for 14 files
[debug] [2022-07-26T08:01:07.920Z] [hosting][hash queue][FINAL] {"max":126349,"min":86,"avg":9195.285714285714,"active":0,"complete":14,"success":14,"errored":0,"retried":0,"total":14,"elapsed":126365}
[debug] [2022-07-26T08:01:07.922Z] >>> [apiv2][query] POST https://firebasehosting.googleapis.com/v1beta1/projects/1097036038743/sites/social-400c6/versions/4336ad1349617d74:populateFiles [none]
[debug] [2022-07-26T08:01:07.922Z] >>> [apiv2][body] POST https://firebasehosting.googleapis.com/v1beta1/projects/1097036038743/sites/social-400c6/versions/4336ad1349617d74:populateFiles {"files":{"/asset-manifest.json":"ed2cd4a5ee4839a9955594ec4fab92a9cf506983de2d5a7a77aff182b815ae85","/index.html":"0a8dc5fbf142214023903b8c0b3810282b9c2749c48de46d4a10ed9e0ef6bfed","/favicon.ico":"eae62e993eb980ec8a25058c39d5a51feab118bd2100c4deebb2a9c158ec11f9","/manifest.json":"aff3449bdc238776f5d6d967f19ec491b36aed5fb7f23ccff6500736fd58494a","/logo512.png":"ee7e2f3fdb8209c4b6fd7bef6ba50d1b9dba30a25bb5c3126df057e1cb6f5331","/robots.txt":"bfe106a3fb878dc83461c86818bf74fc1bdc7f28538ba613cd3e775516ce8b49","/static/js/787.9181411e.chunk.js":"cb2efb27440e09fea96652791a253d58bbffb4e3c5ebf5407a83ffa62b4c618c","/static/js/787.9181411e.chunk.js.map":"5198fb319b84f635bfb224acc08ce464822025a7ba43f646a6eef27c613d2298","/static/js/main.211c91c9.js.LICENSE.txt":"030cfdd311837ae1f823032979302118a3c9c35d8ec3d17d018dab79d74d8f98","/static/css/main.799f9362.css":"6a0eb86def3546580efc651ffa13f6096f27905e8b4adb60b9a44a146c0f1593","/static/css/main.799f9362.css.map":"77db4a19ede5ac8280f79af34a6e221f446da29dc966ccc41a16aed28ddb5795","/static/js/main.211c91c9.js":"3563dc8d7b213ccf64514a5d4b3df55b8c26fb120c36e3666755c06b02e1904a","/static/js/main.211c91c9.js.map":"3279fb27f9f6b649a6ac7c0e890c95b8fa68949e057197e263cf19ca8e82f9a2","/static/media/10 JavaScript Projects in 10 Hours - Coding Challenge 🔥.962206da08716610eef4.mp4":"52dc025e75221e8fe1a73e6de064b39a50314b513e68f2d1c67b9f313694d272"}}
[debug] [2022-07-26T08:01:10.332Z] <<< [apiv2][status] POST https://firebasehosting.googleapis.com/v1beta1/projects/1097036038743/sites/social-400c6/versions/4336ad1349617d74:populateFiles 200
[debug] [2022-07-26T08:01:10.332Z] <<< [apiv2][body] POST https://firebasehosting.googleapis.com/v1beta1/projects/1097036038743/sites/social-400c6/versions/4336ad1349617d74:populateFiles {"uploadRequiredHashes":["ee7e2f3fdb8209c4b6fd7bef6ba50d1b9dba30a25bb5c3126df057e1cb6f5331","aff3449bdc238776f5d6d967f19ec491b36aed5fb7f23ccff6500736fd58494a","6a0eb86def3546580efc651ffa13f6096f27905e8b4adb60b9a44a146c0f1593","77db4a19ede5ac8280f79af34a6e221f446da29dc966ccc41a16aed28ddb5795","030cfdd311837ae1f823032979302118a3c9c35d8ec3d17d018dab79d74d8f98","3279fb27f9f6b649a6ac7c0e890c95b8fa68949e057197e263cf19ca8e82f9a2","3563dc8d7b213ccf64514a5d4b3df55b8c26fb120c36e3666755c06b02e1904a","ed2cd4a5ee4839a9955594ec4fab92a9cf506983de2d5a7a77aff182b815ae85","5198fb319b84f635bfb224acc08ce464822025a7ba43f646a6eef27c613d2298","bfe106a3fb878dc83461c86818bf74fc1bdc7f28538ba613cd3e775516ce8b49","0a8dc5fbf142214023903b8c0b3810282b9c2749c48de46d4a10ed9e0ef6bfed","eae62e993eb980ec8a25058c39d5a51feab118bd2100c4deebb2a9c158ec11f9","52dc025e75221e8fe1a73e6de064b39a50314b513e68f2d1c67b9f313694d272","cb2efb27440e09fea96652791a253d58bbffb4e3c5ebf5407a83ffa62b4c618c"],"uploadUrl":"https://upload-firebasehosting.googleapis.com/upload/sites/social-400c6/versions/4336ad1349617d74/files"}
[debug] [2022-07-26T08:01:10.339Z] >>> [apiv2][query] POST https://upload-firebasehosting.googleapis.com/upload/sites/social-400c6/versions/4336ad1349617d74/files/ee7e2f3fdb8209c4b6fd7bef6ba50d1b9dba30a25bb5c3126df057e1cb6f5331 [none]
[debug] [2022-07-26T08:01:10.340Z] >>> [apiv2][body] POST https://upload-firebasehosting.googleapis.com/upload/sites/social-400c6/versions/4336ad1349617d74/files/ee7e2f3fdb8209c4b6fd7bef6ba50d1b9dba30a25bb5c3126df057e1cb6f5331 [stream]
[debug] [2022-07-26T08:01:10.344Z] >>> [apiv2][query] POST https://upload-firebasehosting.googleapis.com/upload/sites/social-400c6/versions/4336ad1349617d74/files/aff3449bdc238776f5d6d967f19ec491b36aed5fb7f23ccff6500736fd58494a [none]
[debug] [2022-07-26T08:01:10.345Z] >>> [apiv2][body] POST https://upload-firebasehosting.googleapis.com/upload/sites/social-400c6/versions/4336ad1349617d74/files/aff3449bdc238776f5d6d967f19ec491b36aed5fb7f23ccff6500736fd58494a [stream]
[debug] [2022-07-26T08:01:10.347Z] >>> [apiv2][query] POST https://upload-firebasehosting.googleapis.com/upload/sites/social-400c6/versions/4336ad1349617d74/files/6a0eb86def3546580efc651ffa13f6096f27905e8b4adb60b9a44a146c0f1593 [none]
[debug] [2022-07-26T08:01:10.347Z] >>> [apiv2][body] POST https://upload-firebasehosting.googleapis.com/upload/sites/social-400c6/versions/4336ad1349617d74/files/6a0eb86def3546580efc651ffa13f6096f27905e8b4adb60b9a44a146c0f1593 [stream]
[debug] [2022-07-26T08:01:10.350Z] >>> [apiv2][query] POST https://upload-firebasehosting.googleapis.com/upload/sites/social-400c6/versions/4336ad1349617d74/files/77db4a19ede5ac8280f79af34a6e221f446da29dc966ccc41a16aed28ddb5795 [none]
[debug] [2022-07-26T08:01:10.350Z] >>> [apiv2][body] POST https://upload-firebasehosting.googleapis.com/upload/sites/social-400c6/versions/4336ad1349617d74/files/77db4a19ede5ac8280f79af34a6e221f446da29dc966ccc41a16aed28ddb5795 [stream]
[debug] [2022-07-26T08:01:10.353Z] >>> [apiv2][query] POST https://upload-firebasehosting.googleapis.com/upload/sites/social-400c6/versions/4336ad1349617d74/files/030cfdd311837ae1f823032979302118a3c9c35d8ec3d17d018dab79d74d8f98 [none]
[debug] [2022-07-26T08:01:10.353Z] >>> [apiv2][body] POST https://upload-firebasehosting.googleapis.com/upload/sites/social-400c6/versions/4336ad1349617d74/files/030cfdd311837ae1f823032979302118a3c9c35d8ec3d17d018dab79d74d8f98 [stream]
[debug] [2022-07-26T08:01:10.355Z] >>> [apiv2][query] POST https://upload-firebasehosting.googleapis.com/upload/sites/social-400c6/versions/4336ad1349617d74/files/3279fb27f9f6b649a6ac7c0e890c95b8fa68949e057197e263cf19ca8e82f9a2 [none]
[debug] [2022-07-26T08:01:10.356Z] >>> [apiv2][body] POST https://upload-firebasehosting.googleapis.com/upload/sites/social-400c6/versions/4336ad1349617d74/files/3279fb27f9f6b649a6ac7c0e890c95b8fa68949e057197e263cf19ca8e82f9a2 [stream]
[debug] [2022-07-26T08:01:10.358Z] >>> [apiv2][query] POST https://upload-firebasehosting.googleapis.com/upload/sites/social-400c6/versions/4336ad1349617d74/files/3563dc8d7b213ccf64514a5d4b3df55b8c26fb120c36e3666755c06b02e1904a [none]
[debug] [2022-07-26T08:01:10.358Z] >>> [apiv2][body] POST https://upload-firebasehosting.googleapis.com/upload/sites/social-400c6/versions/4336ad1349617d74/files/3563dc8d7b213ccf64514a5d4b3df55b8c26fb120c36e3666755c06b02e1904a [stream]
[debug] [2022-07-26T08:01:10.361Z] >>> [apiv2][query] POST https://upload-firebasehosting.googleapis.com/upload/sites/social-400c6/versions/4336ad1349617d74/files/ed2cd4a5ee4839a9955594ec4fab92a9cf506983de2d5a7a77aff182b815ae85 [none]
[debug] [2022-07-26T08:01:10.361Z] >>> [apiv2][body] POST https://upload-firebasehosting.googleapis.com/upload/sites/social-400c6/versions/4336ad1349617d74/files/ed2cd4a5ee4839a9955594ec4fab92a9cf506983de2d5a7a77aff182b815ae85 [stream]
[debug] [2022-07-26T08:01:10.365Z] >>> [apiv2][query] POST https://upload-firebasehosting.googleapis.com/upload/sites/social-400c6/versions/4336ad1349617d74/files/5198fb319b84f635bfb224acc08ce464822025a7ba43f646a6eef27c613d2298 [none]
[debug] [2022-07-26T08:01:10.365Z] >>> [apiv2][body] POST https://upload-firebasehosting.googleapis.com/upload/sites/social-400c6/versions/4336ad1349617d74/files/5198fb319b84f635bfb224acc08ce464822025a7ba43f646a6eef27c613d2298 [stream]
[debug] [2022-07-26T08:01:10.369Z] >>> [apiv2][query] POST https://upload-firebasehosting.googleapis.com/upload/sites/social-400c6/versions/4336ad1349617d74/files/bfe106a3fb878dc83461c86818bf74fc1bdc7f28538ba613cd3e775516ce8b49 [none]
[debug] [2022-07-26T08:01:10.369Z] >>> [apiv2][body] POST https://upload-firebasehosting.googleapis.com/upload/sites/social-400c6/versions/4336ad1349617d74/files/bfe106a3fb878dc83461c86818bf74fc1bdc7f28538ba613cd3e775516ce8b49 [stream]
[debug] [2022-07-26T08:01:10.373Z] >>> [apiv2][query] POST https://upload-firebasehosting.googleapis.com/upload/sites/social-400c6/versions/4336ad1349617d74/files/0a8dc5fbf142214023903b8c0b3810282b9c2749c48de46d4a10ed9e0ef6bfed [none]
[debug] [2022-07-26T08:01:10.373Z] >>> [apiv2][body] POST https://upload-firebasehosting.googleapis.com/upload/sites/social-400c6/versions/4336ad1349617d74/files/0a8dc5fbf142214023903b8c0b3810282b9c2749c48de46d4a10ed9e0ef6bfed [stream]
[debug] [2022-07-26T08:01:10.375Z] >>> [apiv2][query] POST https://upload-firebasehosting.googleapis.com/upload/sites/social-400c6/versions/4336ad1349617d74/files/eae62e993eb980ec8a25058c39d5a51feab118bd2100c4deebb2a9c158ec11f9 [none]
[debug] [2022-07-26T08:01:10.375Z] >>> [apiv2][body] POST https://upload-firebasehosting.googleapis.com/upload/sites/social-400c6/versions/4336ad1349617d74/files/eae62e993eb980ec8a25058c39d5a51feab118bd2100c4deebb2a9c158ec11f9 [stream]
[debug] [2022-07-26T08:01:10.377Z] >>> [apiv2][query] POST https://upload-firebasehosting.googleapis.com/upload/sites/social-400c6/versions/4336ad1349617d74/files/52dc025e75221e8fe1a73e6de064b39a50314b513e68f2d1c67b9f313694d272 [none]
[debug] [2022-07-26T08:01:10.378Z] >>> [apiv2][body] POST https://upload-firebasehosting.googleapis.com/upload/sites/social-400c6/versions/4336ad1349617d74/files/52dc025e75221e8fe1a73e6de064b39a50314b513e68f2d1c67b9f313694d272 [stream]
[debug] [2022-07-26T08:01:10.381Z] >>> [apiv2][query] POST https://upload-firebasehosting.googleapis.com/upload/sites/social-400c6/versions/4336ad1349617d74/files/cb2efb27440e09fea96652791a253d58bbffb4e3c5ebf5407a83ffa62b4c618c [none]
[debug] [2022-07-26T08:01:10.382Z] >>> [apiv2][body] POST https://upload-firebasehosting.googleapis.com/upload/sites/social-400c6/versions/4336ad1349617d74/files/cb2efb27440e09fea96652791a253d58bbffb4e3c5ebf5407a83ffa62b4c618c [stream]
[debug] [2022-07-26T08:01:10.383Z] [hosting][populate queue][FINAL] {"max":2424,"min":2424,"avg":2424,"active":0,"complete":1,"success":1,"errored":0,"retried":0,"total":1,"elapsed":2468}
[debug] [2022-07-26T08:01:10.384Z] [hosting] uploads queued: 14
[debug] [2022-07-26T08:01:12.633Z] <<< [apiv2][status] POST https://upload-firebasehosting.googleapis.com/upload/sites/social-400c6/versions/4336ad1349617d74/files/eae62e993eb980ec8a25058c39d5a51feab118bd2100c4deebb2a9c158ec11f9 200
[debug] [2022-07-26T08:01:12.634Z] <<< [apiv2][body] POST https://upload-firebasehosting.googleapis.com/upload/sites/social-400c6/versions/4336ad1349617d74/files/eae62e993eb980ec8a25058c39d5a51feab118bd2100c4deebb2a9c158ec11f9 [stream]
[debug] [2022-07-26T08:01:12.637Z] <<< [apiv2][status] POST https://upload-firebasehosting.googleapis.com/upload/sites/social-400c6/versions/4336ad1349617d74/files/ee7e2f3fdb8209c4b6fd7bef6ba50d1b9dba30a25bb5c3126df057e1cb6f5331 200
[debug] [2022-07-26T08:01:12.638Z] <<< [apiv2][body] POST https://upload-firebasehosting.googleapis.com/upload/sites/social-400c6/versions/4336ad1349617d74/files/ee7e2f3fdb8209c4b6fd7bef6ba50d1b9dba30a25bb5c3126df057e1cb6f5331 [stream]
[debug] [2022-07-26T08:01:12.735Z] <<< [apiv2][status] POST https://upload-firebasehosting.googleapis.com/upload/sites/social-400c6/versions/4336ad1349617d74/files/5198fb319b84f635bfb224acc08ce464822025a7ba43f646a6eef27c613d2298 200
[debug] [2022-07-26T08:01:12.736Z] <<< [apiv2][body] POST https://upload-firebasehosting.googleapis.com/upload/sites/social-400c6/versions/4336ad1349617d74/files/5198fb319b84f635bfb224acc08ce464822025a7ba43f646a6eef27c613d2298 [stream]
[debug] [2022-07-26T08:01:12.772Z] <<< [apiv2][status] POST https://upload-firebasehosting.googleapis.com/upload/sites/social-400c6/versions/4336ad1349617d74/files/cb2efb27440e09fea96652791a253d58bbffb4e3c5ebf5407a83ffa62b4c618c 200
[debug] [2022-07-26T08:01:12.773Z] <<< [apiv2][body] POST https://upload-firebasehosting.googleapis.com/upload/sites/social-400c6/versions/4336ad1349617d74/files/cb2efb27440e09fea96652791a253d58bbffb4e3c5ebf5407a83ffa62b4c618c [stream]
[debug] [2022-07-26T08:01:12.942Z] <<< [apiv2][status] POST https://upload-firebasehosting.googleapis.com/upload/sites/social-400c6/versions/4336ad1349617d74/files/aff3449bdc238776f5d6d967f19ec491b36aed5fb7f23ccff6500736fd58494a 200
[debug] [2022-07-26T08:01:12.942Z] <<< [apiv2][body] POST https://upload-firebasehosting.googleapis.com/upload/sites/social-400c6/versions/4336ad1349617d74/files/aff3449bdc238776f5d6d967f19ec491b36aed5fb7f23ccff6500736fd58494a [stream]
[debug] [2022-07-26T08:01:13.296Z] <<< [apiv2][status] POST https://upload-firebasehosting.googleapis.com/upload/sites/social-400c6/versions/4336ad1349617d74/files/0a8dc5fbf142214023903b8c0b3810282b9c2749c48de46d4a10ed9e0ef6bfed 200
[debug] [2022-07-26T08:01:13.297Z] <<< [apiv2][body] POST https://upload-firebasehosting.googleapis.com/upload/sites/social-400c6/versions/4336ad1349617d74/files/0a8dc5fbf142214023903b8c0b3810282b9c2749c48de46d4a10ed9e0ef6bfed [stream]
[debug] [2022-07-26T08:01:13.328Z] <<< [apiv2][status] POST https://upload-firebasehosting.googleapis.com/upload/sites/social-400c6/versions/4336ad1349617d74/files/6a0eb86def3546580efc651ffa13f6096f27905e8b4adb60b9a44a146c0f1593 200
[debug] [2022-07-26T08:01:13.328Z] <<< [apiv2][body] POST https://upload-firebasehosting.googleapis.com/upload/sites/social-400c6/versions/4336ad1349617d74/files/6a0eb86def3546580efc651ffa13f6096f27905e8b4adb60b9a44a146c0f1593 [stream]
[debug] [2022-07-26T08:01:13.333Z] <<< [apiv2][status] POST https://upload-firebasehosting.googleapis.com/upload/sites/social-400c6/versions/4336ad1349617d74/files/030cfdd311837ae1f823032979302118a3c9c35d8ec3d17d018dab79d74d8f98 200
[debug] [2022-07-26T08:01:13.334Z] <<< [apiv2][body] POST https://upload-firebasehosting.googleapis.com/upload/sites/social-400c6/versions/4336ad1349617d74/files/030cfdd311837ae1f823032979302118a3c9c35d8ec3d17d018dab79d74d8f98 [stream]
[debug] [2022-07-26T08:01:13.433Z] <<< [apiv2][status] POST https://upload-firebasehosting.googleapis.com/upload/sites/social-400c6/versions/4336ad1349617d74/files/bfe106a3fb878dc83461c86818bf74fc1bdc7f28538ba613cd3e775516ce8b49 200
[debug] [2022-07-26T08:01:13.434Z] <<< [apiv2][body] POST https://upload-firebasehosting.googleapis.com/upload/sites/social-400c6/versions/4336ad1349617d74/files/bfe106a3fb878dc83461c86818bf74fc1bdc7f28538ba613cd3e775516ce8b49 [stream]
[debug] [2022-07-26T08:01:13.644Z] <<< [apiv2][status] POST https://upload-firebasehosting.googleapis.com/upload/sites/social-400c6/versions/4336ad1349617d74/files/ed2cd4a5ee4839a9955594ec4fab92a9cf506983de2d5a7a77aff182b815ae85 200
[debug] [2022-07-26T08:01:13.645Z] <<< [apiv2][body] POST https://upload-firebasehosting.googleapis.com/upload/sites/social-400c6/versions/4336ad1349617d74/files/ed2cd4a5ee4839a9955594ec4fab92a9cf506983de2d5a7a77aff182b815ae85 [stream]
[debug] [2022-07-26T08:01:14.062Z] <<< [apiv2][status] POST https://upload-firebasehosting.googleapis.com/upload/sites/social-400c6/versions/4336ad1349617d74/files/77db4a19ede5ac8280f79af34a6e221f446da29dc966ccc41a16aed28ddb5795 200
[debug] [2022-07-26T08:01:14.085Z] <<< [apiv2][body] POST https://upload-firebasehosting.googleapis.com/upload/sites/social-400c6/versions/4336ad1349617d74/files/77db4a19ede5ac8280f79af34a6e221f446da29dc966ccc41a16aed28ddb5795 [stream]
[debug] [2022-07-26T08:01:17.191Z] <<< [apiv2][status] POST https://upload-firebasehosting.googleapis.com/upload/sites/social-400c6/versions/4336ad1349617d74/files/3563dc8d7b213ccf64514a5d4b3df55b8c26fb120c36e3666755c06b02e1904a 200
[debug] [2022-07-26T08:01:17.191Z] <<< [apiv2][body] POST https://upload-firebasehosting.googleapis.com/upload/sites/social-400c6/versions/4336ad1349617d74/files/3563dc8d7b213ccf64514a5d4b3df55b8c26fb120c36e3666755c06b02e1904a [stream]
[debug] [2022-07-26T08:01:18.832Z] <<< [apiv2][status] POST https://upload-firebasehosting.googleapis.com/upload/sites/social-400c6/versions/4336ad1349617d74/files/3279fb27f9f6b649a6ac7c0e890c95b8fa68949e057197e263cf19ca8e82f9a2 200
[debug] [2022-07-26T08:01:18.832Z] <<< [apiv2][body] POST https://upload-firebasehosting.googleapis.com/upload/sites/social-400c6/versions/4336ad1349617d74/files/3279fb27f9f6b649a6ac7c0e890c95b8fa68949e057197e263cf19ca8e82f9a2 [stream]
